<?xml version="1.0" encoding="UTF-8" ?>
<testsuite tests="3" failures="0" name="io.shubham.coffeemachine.Ingredients.IngredientTest" time="0.002" errors="0" skipped="0">
  <properties>
[...]
</properties>
  <testcase classname="io.shubham.coffeemachine.Ingredients.IngredientTest" name="shouldReturnTrueWhenTheDrinkRequestCanBeFulfilled" time="0"/>
  <testcase classname="io.shubham.coffeemachine.Ingredients.IngredientTest" name="shouldReturnTrueWhenTheDrinkRequestCannotBeFulfilled" time="0.002"/>
  <testcase classname="io.shubham.coffeemachine.Ingredients.IngredientTest" name="shouldIndicateThatTheIngredientsAreLow" time="0"/>
</testsuite>